{"/Users/damacm195/Desktop/Programming/Quiz App/Quiz_jest/js/script.js": {"path":"/Users/damacm195/Desktop/Programming/Quiz App/Quiz_jest/js/script.js","statementMap":{"0":{"start":{"line":2,"column":18},"end":{"line":23,"column":1}},"1":{"start":{"line":25,"column":14},"end":{"line":56,"column":1}},"2":{"start":{"line":27,"column":25},"end":{"line":27,"column":45}},"3":{"start":{"line":28,"column":23},"end":{"line":32,"column":7}},"4":{"start":{"line":34,"column":6},"end":{"line":34,"column":32}},"5":{"start":{"line":35,"column":6},"end":{"line":37,"column":9}},"6":{"start":{"line":36,"column":10},"end":{"line":36,"column":35}},"7":{"start":{"line":40,"column":24},"end":{"line":40,"column":46}},"8":{"start":{"line":41,"column":6},"end":{"line":41,"column":68}},"9":{"start":{"line":45,"column":21},"end":{"line":45,"column":55}},"10":{"start":{"line":46,"column":6},"end":{"line":46,"column":46}},"11":{"start":{"line":50,"column":6},"end":{"line":50,"column":50}},"12":{"start":{"line":54,"column":6},"end":{"line":54,"column":51}},"13":{"start":{"line":58,"column":22},"end":{"line":58,"column":23}},"14":{"start":{"line":59,"column":12},"end":{"line":59,"column":13}},"15":{"start":{"line":62,"column":21},"end":{"line":62,"column":59}},"16":{"start":{"line":63,"column":24},"end":{"line":63,"column":65}},"17":{"start":{"line":64,"column":21},"end":{"line":64,"column":72}},"18":{"start":{"line":66,"column":2},"end":{"line":69,"column":3}},"19":{"start":{"line":67,"column":6},"end":{"line":67,"column":47}},"20":{"start":{"line":68,"column":6},"end":{"line":68,"column":13}},"21":{"start":{"line":71,"column":2},"end":{"line":71,"column":29}},"22":{"start":{"line":72,"column":2},"end":{"line":72,"column":37}},"23":{"start":{"line":73,"column":2},"end":{"line":73,"column":43}},"24":{"start":{"line":74,"column":2},"end":{"line":74,"column":17}},"25":{"start":{"line":78,"column":2},"end":{"line":81,"column":3}},"26":{"start":{"line":79,"column":6},"end":{"line":79,"column":16}},"27":{"start":{"line":80,"column":6},"end":{"line":80,"column":13}},"28":{"start":{"line":83,"column":19},"end":{"line":83,"column":45}},"29":{"start":{"line":84,"column":2},"end":{"line":84,"column":70}},"30":{"start":{"line":85,"column":27},"end":{"line":85,"column":61}},"31":{"start":{"line":86,"column":2},"end":{"line":86,"column":34}},"32":{"start":{"line":88,"column":2},"end":{"line":96,"column":3}},"33":{"start":{"line":88,"column":14},"end":{"line":88,"column":15}},"34":{"start":{"line":89,"column":21},"end":{"line":89,"column":53}},"35":{"start":{"line":90,"column":6},"end":{"line":90,"column":47}},"36":{"start":{"line":91,"column":6},"end":{"line":91,"column":38}},"37":{"start":{"line":92,"column":6},"end":{"line":94,"column":8}},"38":{"start":{"line":93,"column":10},"end":{"line":93,"column":25}},"39":{"start":{"line":95,"column":6},"end":{"line":95,"column":43}},"40":{"start":{"line":100,"column":18},"end":{"line":100,"column":52}},"41":{"start":{"line":101,"column":2},"end":{"line":103,"column":3}},"42":{"start":{"line":102,"column":6},"end":{"line":102,"column":14}},"43":{"start":{"line":104,"column":2},"end":{"line":104,"column":20}},"44":{"start":{"line":105,"column":2},"end":{"line":105,"column":17}},"45":{"start":{"line":109,"column":21},"end":{"line":109,"column":45}},"46":{"start":{"line":110,"column":24},"end":{"line":110,"column":65}},"47":{"start":{"line":111,"column":26},"end":{"line":111,"column":69}},"48":{"start":{"line":112,"column":21},"end":{"line":112,"column":59}},"49":{"start":{"line":114,"column":2},"end":{"line":114,"column":40}},"50":{"start":{"line":115,"column":2},"end":{"line":115,"column":45}},"51":{"start":{"line":117,"column":21},"end":{"line":117,"column":53}},"52":{"start":{"line":118,"column":2},"end":{"line":118,"column":108}},"53":{"start":{"line":120,"column":2},"end":{"line":120,"column":37}},"54":{"start":{"line":121,"column":2},"end":{"line":121,"column":22}},"55":{"start":{"line":125,"column":21},"end":{"line":125,"column":59}},"56":{"start":{"line":126,"column":2},"end":{"line":126,"column":48}},"57":{"start":{"line":128,"column":21},"end":{"line":128,"column":42}},"58":{"start":{"line":129,"column":2},"end":{"line":135,"column":3}},"59":{"start":{"line":129,"column":14},"end":{"line":129,"column":15}},"60":{"start":{"line":130,"column":27},"end":{"line":130,"column":56}},"61":{"start":{"line":131,"column":6},"end":{"line":131,"column":44}},"62":{"start":{"line":132,"column":19},"end":{"line":132,"column":68}},"63":{"start":{"line":133,"column":6},"end":{"line":133,"column":109}},"64":{"start":{"line":134,"column":6},"end":{"line":134,"column":43}},"65":{"start":{"line":139,"column":2},"end":{"line":139,"column":22}},"66":{"start":{"line":140,"column":2},"end":{"line":140,"column":12}},"67":{"start":{"line":141,"column":21},"end":{"line":141,"column":59}},"68":{"start":{"line":142,"column":24},"end":{"line":142,"column":65}},"69":{"start":{"line":143,"column":26},"end":{"line":143,"column":69}},"70":{"start":{"line":145,"column":2},"end":{"line":145,"column":40}},"71":{"start":{"line":146,"column":2},"end":{"line":146,"column":42}},"72":{"start":{"line":147,"column":2},"end":{"line":147,"column":40}},"73":{"start":{"line":148,"column":2},"end":{"line":148,"column":52}},"74":{"start":{"line":153,"column":2},"end":{"line":153,"column":76}},"75":{"start":{"line":154,"column":2},"end":{"line":154,"column":78}},"76":{"start":{"line":157,"column":0},"end":{"line":157,"column":52}}},"fnMap":{"0":{"name":"(anonymous_0)","decl":{"start":{"line":26,"column":13},"end":{"line":26,"column":14}},"loc":{"start":{"line":26,"column":35},"end":{"line":42,"column":3}},"line":26},"1":{"name":"(anonymous_1)","decl":{"start":{"line":35,"column":22},"end":{"line":35,"column":23}},"loc":{"start":{"line":35,"column":37},"end":{"line":37,"column":7}},"line":35},"2":{"name":"(anonymous_2)","decl":{"start":{"line":44,"column":17},"end":{"line":44,"column":18}},"loc":{"start":{"line":44,"column":28},"end":{"line":47,"column":3}},"line":44},"3":{"name":"(anonymous_3)","decl":{"start":{"line":49,"column":12},"end":{"line":49,"column":13}},"loc":{"start":{"line":49,"column":27},"end":{"line":51,"column":3}},"line":49},"4":{"name":"(anonymous_4)","decl":{"start":{"line":53,"column":20},"end":{"line":53,"column":21}},"loc":{"start":{"line":53,"column":31},"end":{"line":55,"column":3}},"line":53},"5":{"name":"startQuiz","decl":{"start":{"line":61,"column":9},"end":{"line":61,"column":18}},"loc":{"start":{"line":61,"column":21},"end":{"line":75,"column":1}},"line":61},"6":{"name":"loadQuestion","decl":{"start":{"line":77,"column":9},"end":{"line":77,"column":21}},"loc":{"start":{"line":77,"column":24},"end":{"line":97,"column":1}},"line":77},"7":{"name":"(anonymous_7)","decl":{"start":{"line":92,"column":23},"end":{"line":92,"column":24}},"loc":{"start":{"line":92,"column":34},"end":{"line":94,"column":7}},"line":92},"8":{"name":"checkAnswer","decl":{"start":{"line":99,"column":9},"end":{"line":99,"column":20}},"loc":{"start":{"line":99,"column":37},"end":{"line":106,"column":1}},"line":99},"9":{"name":"endQuiz","decl":{"start":{"line":108,"column":9},"end":{"line":108,"column":16}},"loc":{"start":{"line":108,"column":19},"end":{"line":122,"column":1}},"line":108},"10":{"name":"displayHighScores","decl":{"start":{"line":124,"column":9},"end":{"line":124,"column":26}},"loc":{"start":{"line":124,"column":29},"end":{"line":136,"column":1}},"line":124},"11":{"name":"resetQuiz","decl":{"start":{"line":138,"column":9},"end":{"line":138,"column":18}},"loc":{"start":{"line":138,"column":21},"end":{"line":149,"column":1}},"line":138},"12":{"name":"init","decl":{"start":{"line":152,"column":9},"end":{"line":152,"column":13}},"loc":{"start":{"line":152,"column":16},"end":{"line":155,"column":1}},"line":152}},"branchMap":{"0":{"loc":{"start":{"line":46,"column":13},"end":{"line":46,"column":45}},"type":"cond-expr","locations":[{"start":{"line":46,"column":22},"end":{"line":46,"column":40}},{"start":{"line":46,"column":43},"end":{"line":46,"column":45}}],"line":46},"1":{"loc":{"start":{"line":66,"column":2},"end":{"line":69,"column":3}},"type":"if","locations":[{"start":{"line":66,"column":2},"end":{"line":69,"column":3}},{"start":{},"end":{}}],"line":66},"2":{"loc":{"start":{"line":78,"column":2},"end":{"line":81,"column":3}},"type":"if","locations":[{"start":{"line":78,"column":2},"end":{"line":81,"column":3}},{"start":{},"end":{}}],"line":78},"3":{"loc":{"start":{"line":101,"column":2},"end":{"line":103,"column":3}},"type":"if","locations":[{"start":{"line":101,"column":2},"end":{"line":103,"column":3}},{"start":{},"end":{}}],"line":101}},"s":{"0":1,"1":1,"2":0,"3":0,"4":0,"5":0,"6":0,"7":0,"8":0,"9":0,"10":0,"11":0,"12":0,"13":1,"14":1,"15":0,"16":0,"17":0,"18":0,"19":0,"20":0,"21":0,"22":0,"23":0,"24":0,"25":0,"26":0,"27":0,"28":0,"29":0,"30":0,"31":0,"32":0,"33":0,"34":0,"35":0,"36":0,"37":0,"38":0,"39":0,"40":0,"41":0,"42":0,"43":0,"44":0,"45":0,"46":0,"47":0,"48":0,"49":0,"50":0,"51":0,"52":0,"53":0,"54":0,"55":0,"56":0,"57":0,"58":0,"59":0,"60":0,"61":0,"62":0,"63":0,"64":0,"65":0,"66":0,"67":0,"68":0,"69":0,"70":0,"71":0,"72":0,"73":0,"74":0,"75":0,"76":1},"f":{"0":0,"1":0,"2":0,"3":0,"4":0,"5":0,"6":0,"7":0,"8":0,"9":0,"10":0,"11":0,"12":0},"b":{"0":[0,0],"1":[0,0],"2":[0,0],"3":[0,0]},"inputSourceMap":null,"_coverageSchema":"1a1c01bbd47fc00a2c39e90264f33305004495a9","hash":"b481cef14490762bfea611a1b984fc5f2451140f"}
}
