{"/home/gumza/Quiz_jest/js/script.js": {"path":"/home/gumza/Quiz_jest/js/script.js","statementMap":{"0":{"start":{"line":2,"column":18},"end":{"line":23,"column":1}},"1":{"start":{"line":26,"column":14},"end":{"line":55,"column":1}},"2":{"start":{"line":28,"column":25},"end":{"line":28,"column":45}},"3":{"start":{"line":29,"column":23},"end":{"line":33,"column":7}},"4":{"start":{"line":35,"column":6},"end":{"line":35,"column":32}},"5":{"start":{"line":36,"column":6},"end":{"line":36,"column":51}},"6":{"start":{"line":36,"column":32},"end":{"line":36,"column":49}},"7":{"start":{"line":39,"column":24},"end":{"line":39,"column":46}},"8":{"start":{"line":40,"column":6},"end":{"line":40,"column":68}},"9":{"start":{"line":44,"column":21},"end":{"line":44,"column":55}},"10":{"start":{"line":45,"column":6},"end":{"line":45,"column":46}},"11":{"start":{"line":49,"column":6},"end":{"line":49,"column":50}},"12":{"start":{"line":53,"column":6},"end":{"line":53,"column":51}},"13":{"start":{"line":58,"column":22},"end":{"line":58,"column":23}},"14":{"start":{"line":59,"column":12},"end":{"line":59,"column":13}},"15":{"start":{"line":63,"column":21},"end":{"line":63,"column":59}},"16":{"start":{"line":64,"column":24},"end":{"line":64,"column":65}},"17":{"start":{"line":65,"column":21},"end":{"line":65,"column":72}},"18":{"start":{"line":67,"column":2},"end":{"line":70,"column":3}},"19":{"start":{"line":68,"column":6},"end":{"line":68,"column":47}},"20":{"start":{"line":69,"column":6},"end":{"line":69,"column":13}},"21":{"start":{"line":72,"column":2},"end":{"line":72,"column":29}},"22":{"start":{"line":73,"column":2},"end":{"line":73,"column":37}},"23":{"start":{"line":74,"column":2},"end":{"line":74,"column":43}},"24":{"start":{"line":75,"column":2},"end":{"line":75,"column":17}},"25":{"start":{"line":79,"column":2},"end":{"line":82,"column":3}},"26":{"start":{"line":80,"column":6},"end":{"line":80,"column":16}},"27":{"start":{"line":81,"column":6},"end":{"line":81,"column":13}},"28":{"start":{"line":84,"column":19},"end":{"line":84,"column":45}},"29":{"start":{"line":85,"column":2},"end":{"line":85,"column":70}},"30":{"start":{"line":86,"column":27},"end":{"line":86,"column":61}},"31":{"start":{"line":87,"column":2},"end":{"line":87,"column":34}},"32":{"start":{"line":89,"column":2},"end":{"line":95,"column":3}},"33":{"start":{"line":89,"column":15},"end":{"line":89,"column":16}},"34":{"start":{"line":90,"column":21},"end":{"line":90,"column":53}},"35":{"start":{"line":91,"column":6},"end":{"line":91,"column":47}},"36":{"start":{"line":92,"column":6},"end":{"line":92,"column":38}},"37":{"start":{"line":93,"column":6},"end":{"line":93,"column":44}},"38":{"start":{"line":93,"column":29},"end":{"line":93,"column":43}},"39":{"start":{"line":94,"column":6},"end":{"line":94,"column":43}},"40":{"start":{"line":99,"column":18},"end":{"line":99,"column":52}},"41":{"start":{"line":100,"column":2},"end":{"line":102,"column":3}},"42":{"start":{"line":101,"column":6},"end":{"line":101,"column":14}},"43":{"start":{"line":103,"column":2},"end":{"line":103,"column":20}},"44":{"start":{"line":104,"column":2},"end":{"line":104,"column":17}},"45":{"start":{"line":108,"column":21},"end":{"line":108,"column":45}},"46":{"start":{"line":109,"column":24},"end":{"line":109,"column":65}},"47":{"start":{"line":110,"column":26},"end":{"line":110,"column":69}},"48":{"start":{"line":111,"column":21},"end":{"line":111,"column":59}},"49":{"start":{"line":113,"column":2},"end":{"line":113,"column":40}},"50":{"start":{"line":114,"column":2},"end":{"line":114,"column":45}},"51":{"start":{"line":116,"column":21},"end":{"line":116,"column":53}},"52":{"start":{"line":117,"column":2},"end":{"line":117,"column":108}},"53":{"start":{"line":119,"column":2},"end":{"line":119,"column":37}},"54":{"start":{"line":120,"column":2},"end":{"line":120,"column":22}},"55":{"start":{"line":124,"column":21},"end":{"line":124,"column":59}},"56":{"start":{"line":125,"column":2},"end":{"line":125,"column":48}},"57":{"start":{"line":127,"column":21},"end":{"line":127,"column":42}},"58":{"start":{"line":128,"column":2},"end":{"line":134,"column":3}},"59":{"start":{"line":128,"column":15},"end":{"line":128,"column":16}},"60":{"start":{"line":129,"column":27},"end":{"line":129,"column":56}},"61":{"start":{"line":130,"column":6},"end":{"line":130,"column":44}},"62":{"start":{"line":131,"column":19},"end":{"line":131,"column":68}},"63":{"start":{"line":132,"column":6},"end":{"line":132,"column":109}},"64":{"start":{"line":133,"column":6},"end":{"line":133,"column":43}},"65":{"start":{"line":138,"column":2},"end":{"line":138,"column":22}},"66":{"start":{"line":139,"column":2},"end":{"line":139,"column":12}},"67":{"start":{"line":140,"column":21},"end":{"line":140,"column":59}},"68":{"start":{"line":141,"column":24},"end":{"line":141,"column":65}},"69":{"start":{"line":142,"column":26},"end":{"line":142,"column":69}},"70":{"start":{"line":144,"column":2},"end":{"line":144,"column":40}},"71":{"start":{"line":145,"column":2},"end":{"line":145,"column":42}},"72":{"start":{"line":146,"column":2},"end":{"line":146,"column":40}},"73":{"start":{"line":147,"column":2},"end":{"line":147,"column":52}},"74":{"start":{"line":152,"column":2},"end":{"line":152,"column":76}},"75":{"start":{"line":153,"column":2},"end":{"line":153,"column":78}},"76":{"start":{"line":156,"column":0},"end":{"line":156,"column":52}}},"fnMap":{"0":{"name":"(anonymous_0)","decl":{"start":{"line":27,"column":13},"end":{"line":27,"column":14}},"loc":{"start":{"line":27,"column":35},"end":{"line":41,"column":3}},"line":27},"1":{"name":"(anonymous_1)","decl":{"start":{"line":36,"column":22},"end":{"line":36,"column":23}},"loc":{"start":{"line":36,"column":32},"end":{"line":36,"column":49}},"line":36},"2":{"name":"(anonymous_2)","decl":{"start":{"line":43,"column":17},"end":{"line":43,"column":18}},"loc":{"start":{"line":43,"column":28},"end":{"line":46,"column":3}},"line":43},"3":{"name":"(anonymous_3)","decl":{"start":{"line":48,"column":12},"end":{"line":48,"column":13}},"loc":{"start":{"line":48,"column":27},"end":{"line":50,"column":3}},"line":48},"4":{"name":"(anonymous_4)","decl":{"start":{"line":52,"column":20},"end":{"line":52,"column":21}},"loc":{"start":{"line":52,"column":31},"end":{"line":54,"column":3}},"line":52},"5":{"name":"startQuiz","decl":{"start":{"line":62,"column":9},"end":{"line":62,"column":18}},"loc":{"start":{"line":62,"column":21},"end":{"line":76,"column":1}},"line":62},"6":{"name":"loadQuestion","decl":{"start":{"line":78,"column":9},"end":{"line":78,"column":21}},"loc":{"start":{"line":78,"column":24},"end":{"line":96,"column":1}},"line":78},"7":{"name":"(anonymous_7)","decl":{"start":{"line":93,"column":23},"end":{"line":93,"column":24}},"loc":{"start":{"line":93,"column":29},"end":{"line":93,"column":43}},"line":93},"8":{"name":"checkAnswer","decl":{"start":{"line":98,"column":9},"end":{"line":98,"column":20}},"loc":{"start":{"line":98,"column":37},"end":{"line":105,"column":1}},"line":98},"9":{"name":"endQuiz","decl":{"start":{"line":107,"column":9},"end":{"line":107,"column":16}},"loc":{"start":{"line":107,"column":19},"end":{"line":121,"column":1}},"line":107},"10":{"name":"displayHighScores","decl":{"start":{"line":123,"column":9},"end":{"line":123,"column":26}},"loc":{"start":{"line":123,"column":29},"end":{"line":135,"column":1}},"line":123},"11":{"name":"resetQuiz","decl":{"start":{"line":137,"column":9},"end":{"line":137,"column":18}},"loc":{"start":{"line":137,"column":21},"end":{"line":148,"column":1}},"line":137},"12":{"name":"init","decl":{"start":{"line":151,"column":9},"end":{"line":151,"column":13}},"loc":{"start":{"line":151,"column":16},"end":{"line":154,"column":1}},"line":151}},"branchMap":{"0":{"loc":{"start":{"line":45,"column":13},"end":{"line":45,"column":45}},"type":"cond-expr","locations":[{"start":{"line":45,"column":22},"end":{"line":45,"column":40}},{"start":{"line":45,"column":43},"end":{"line":45,"column":45}}],"line":45},"1":{"loc":{"start":{"line":67,"column":2},"end":{"line":70,"column":3}},"type":"if","locations":[{"start":{"line":67,"column":2},"end":{"line":70,"column":3}},{"start":{},"end":{}}],"line":67},"2":{"loc":{"start":{"line":67,"column":6},"end":{"line":67,"column":73}},"type":"binary-expr","locations":[{"start":{"line":67,"column":6},"end":{"line":67,"column":17}},{"start":{"line":67,"column":21},"end":{"line":67,"column":44}},{"start":{"line":67,"column":48},"end":{"line":67,"column":73}}],"line":67},"3":{"loc":{"start":{"line":79,"column":2},"end":{"line":82,"column":3}},"type":"if","locations":[{"start":{"line":79,"column":2},"end":{"line":82,"column":3}},{"start":{},"end":{}}],"line":79},"4":{"loc":{"start":{"line":100,"column":2},"end":{"line":102,"column":3}},"type":"if","locations":[{"start":{"line":100,"column":2},"end":{"line":102,"column":3}},{"start":{},"end":{}}],"line":100}},"s":{"0":1,"1":1,"2":1,"3":1,"4":1,"5":1,"6":0,"7":1,"8":1,"9":3,"10":3,"11":1,"12":1,"13":1,"14":1,"15":1,"16":1,"17":1,"18":1,"19":0,"20":0,"21":1,"22":1,"23":1,"24":1,"25":2,"26":0,"27":0,"28":2,"29":2,"30":2,"31":2,"32":2,"33":2,"34":8,"35":8,"36":8,"37":8,"38":0,"39":8,"40":1,"41":1,"42":0,"43":1,"44":1,"45":1,"46":1,"47":1,"48":1,"49":1,"50":1,"51":1,"52":1,"53":1,"54":1,"55":2,"56":2,"57":2,"58":2,"59":2,"60":2,"61":2,"62":2,"63":2,"64":2,"65":1,"66":1,"67":1,"68":1,"69":1,"70":1,"71":1,"72":1,"73":1,"74":0,"75":0,"76":1},"f":{"0":1,"1":0,"2":3,"3":1,"4":1,"5":1,"6":2,"7":0,"8":1,"9":1,"10":2,"11":1,"12":0},"b":{"0":[2,1],"1":[0,1],"2":[1,1,1],"3":[0,2],"4":[0,1]},"inputSourceMap":null,"_coverageSchema":"1a1c01bbd47fc00a2c39e90264f33305004495a9","hash":"d36c010807cc66986429901617c469f16d5a6536"}
}
