TN:
SF:js/script.js
FN:72,(anonymous_0)
FN:81,(anonymous_1)
FN:88,(anonymous_2)
FN:93,(anonymous_3)
FN:97,(anonymous_4)
FN:107,startQuiz
FN:125,nextButton
FN:126,(anonymous_7)
FN:137,validatePlayerName
FN:152,HelloPlusName
FN:166,loadQuestion
FN:181,(anonymous_11)
FN:187,checkAnswer
FN:195,endQuiz
FN:211,displayHighScores
FN:225,resetQuiz
FN:240,init
FNF:17
FNH:13
FNDA:1,(anonymous_0)
FNDA:0,(anonymous_1)
FNDA:3,(anonymous_2)
FNDA:1,(anonymous_3)
FNDA:3,(anonymous_4)
FNDA:1,startQuiz
FNDA:1,nextButton
FNDA:0,(anonymous_7)
FNDA:6,validatePlayerName
FNDA:2,HelloPlusName
FNDA:3,loadQuestion
FNDA:0,(anonymous_11)
FNDA:1,checkAnswer
FNDA:1,endQuiz
FNDA:2,displayHighScores
FNDA:1,resetQuiz
FNDA:0,init
DA:2,1
DA:71,1
DA:73,1
DA:74,1
DA:80,1
DA:81,1
DA:84,1
DA:85,1
DA:89,3
DA:90,3
DA:94,1
DA:98,3
DA:103,1
DA:104,1
DA:108,1
DA:109,1
DA:110,1
DA:112,1
DA:113,1
DA:114,1
DA:115,1
DA:116,1
DA:117,1
DA:118,1
DA:119,1
DA:121,0
DA:126,1
DA:127,0
DA:128,0
DA:129,0
DA:131,0
DA:132,0
DA:138,6
DA:140,2
DA:141,2
DA:142,4
DA:143,1
DA:144,1
DA:145,3
DA:146,1
DA:147,1
DA:153,2
DA:154,2
DA:155,2
DA:157,2
DA:158,2
DA:159,2
DA:160,2
DA:161,2
DA:167,3
DA:168,0
DA:169,0
DA:172,3
DA:173,3
DA:174,3
DA:175,3
DA:177,3
DA:178,12
DA:179,12
DA:180,12
DA:181,12
DA:182,12
DA:188,1
DA:189,1
DA:190,0
DA:192,1
DA:196,1
DA:197,1
DA:198,1
DA:199,1
DA:201,1
DA:202,1
DA:204,1
DA:205,1
DA:207,1
DA:208,1
DA:212,2
DA:213,2
DA:215,2
DA:216,2
DA:217,2
DA:218,2
DA:219,2
DA:220,2
DA:221,2
DA:226,1
DA:227,1
DA:228,1
DA:229,1
DA:230,1
DA:233,1
DA:234,1
DA:235,1
DA:236,1
DA:241,0
DA:242,0
DA:245,1
LF:97
LH:86
BRDA:90,0,0,2
BRDA:90,0,1,1
BRDA:128,1,0,0
BRDA:128,1,1,0
BRDA:138,2,0,2
BRDA:138,2,1,4
BRDA:138,3,0,6
BRDA:138,3,1,5
BRDA:138,3,2,5
BRDA:142,4,0,1
BRDA:142,4,1,3
BRDA:145,5,0,1
BRDA:145,5,1,2
BRDA:167,6,0,0
BRDA:167,6,1,3
BRDA:189,7,0,0
BRDA:189,7,1,1
BRF:17
BRH:13
end_of_record
